<?xml version="1.0" encoding="UTF-8"?>
<testsuite name="MainTest" tests="5" skipped="0" failures="0" errors="0" timestamp="2022-04-15T09:57:08" hostname="PC210-30" time="0.187">
  <properties/>
  <testcase name="emptyTest()" classname="MainTest" time="0.084"/>
  <testcase name="differentElemsTest()" classname="MainTest" time="0.094"/>
  <testcase name="equalsElemTest()" classname="MainTest" time="0.001"/>
  <testcase name="oneElemTest()" classname="MainTest" time="0.002"/>
  <testcase name="twoElemTest()" classname="MainTest" time="0.001"/>
  <system-out><![CDATA[]]></system-out>
  <system-err><![CDATA[]]></system-err>
</testsuite>
