<?xml version="1.0" encoding="UTF-8"?>
<testsuite name="MainTest" tests="5" skipped="0" failures="0" errors="0" timestamp="2022-04-15T09:40:01" hostname="PC210-30" time="0.065">
  <properties/>
  <testcase name="emptyTest()" classname="MainTest" time="0.047"/>
  <testcase name="differentElemsTest()" classname="MainTest" time="0.007"/>
  <testcase name="equalsElemTest()" classname="MainTest" time="0.001"/>
  <testcase name="oneElemTest()" classname="MainTest" time="0.003"/>
  <testcase name="twoElemTest()" classname="MainTest" time="0.001"/>
  <system-out><![CDATA[]]></system-out>
  <system-err><![CDATA[]]></system-err>
</testsuite>
